CAMB called 100 times; 0 errors
CAMB called 200 times; 0 errors
CAMB called 300 times; 0 errors
CAMB called 400 times; 0 errors
CAMB called 500 times; 0 errors
CAMB called 600 times; 0 errors
CAMB called 700 times; 0 errors
 Current convergence R-1 =    4.185414      chain steps =        1274
 slow changes         797  power changes         388
CAMB called 800 times; 0 errors
CAMB called 900 times; 0 errors
CAMB called 1000 times; 0 errors
CAMB called 1100 times; 0 errors
CAMB called 1200 times; 0 errors
CAMB called 1300 times; 0 errors
 Current convergence R-1 =   0.1567327      chain steps =        2215
 slow changes        1382  power changes         675
CAMB called 1400 times; 0 errors
CAMB called 1500 times; 0 errors
CAMB called 1600 times; 0 errors
CAMB called 1700 times; 0 errors
CAMB called 1800 times; 0 errors
 Current convergence R-1 =   5.1034108E-02  chain steps =        2991
 slow changes        1866  power changes         908
CAMB called 1900 times; 0 errors
CAMB called 2000 times; 0 errors
CAMB called 2100 times; 0 errors
CAMB called 2200 times; 0 errors
CAMB called 2300 times; 0 errors
 Current convergence R-1 =   5.9339415E-02  chain steps =        3790
 slow changes        2372  power changes        1139
CAMB called 2400 times; 0 errors
CAMB called 2500 times; 0 errors
CAMB called 2600 times; 0 errors
CAMB called 2700 times; 0 errors
CAMB called 2800 times; 0 errors
CAMB called 2900 times; 0 errors
CAMB called 3000 times; 0 errors
 Current convergence R-1 =   4.0315699E-02  chain steps =        4877
 slow changes        3061  power changes        1465
CAMB called 3100 times; 0 errors
CAMB called 3200 times; 0 errors
CAMB called 3300 times; 0 errors
CAMB called 3400 times; 0 errors
CAMB called 3500 times; 0 errors
CAMB called 3600 times; 0 errors
 Current convergence R-1 =   2.6775617E-02  chain steps =        5763
 slow changes        3602  power changes        1732
CAMB called 3700 times; 0 errors
CAMB called 3800 times; 0 errors
CAMB called 3900 times; 0 errors
CAMB called 4000 times; 0 errors
CAMB called 4100 times; 0 errors
 Current convergence R-1 =   2.3050549E-02  chain steps =        6615
 slow changes        4133  power changes        1976
CAMB called 4200 times; 0 errors
CAMB called 4300 times; 0 errors
Re-starting from checkpoint
Re-starting from checkpoint
CAMB called 100 times; 0 errors
CAMB called 200 times; 0 errors
CAMB called 300 times; 0 errors
 Current convergence R-1 =   2.3356693E-02  chain steps =         526
 slow changes         333  power changes         154
CAMB called 400 times; 0 errors
CAMB called 500 times; 0 errors
CAMB called 600 times; 0 errors
Re-starting from checkpoint
Re-starting from checkpoint
CAMB called 100 times; 0 errors
CAMB called 200 times; 0 errors
 Current convergence R-1 =   1.6292566E-02  chain steps =         474
 slow changes         282  power changes         130
CAMB called 300 times; 0 errors
CAMB called 400 times; 0 errors
CAMB called 500 times; 0 errors
CAMB called 600 times; 0 errors
CAMB called 700 times; 0 errors
CAMB called 800 times; 0 errors
 Current convergence R-1 =   1.9453319E-02  chain steps =        1335
 slow changes         813  power changes         382
CAMB called 900 times; 0 errors
Re-starting from checkpoint
Re-starting from checkpoint
Re-starting from checkpoint
CAMB called 100 times; 0 errors
CAMB called 200 times; 0 errors
CAMB called 300 times; 0 errors
CAMB called 400 times; 0 errors
 Current convergence R-1 =   1.7065240E-02  chain steps =         763
 slow changes         481  power changes         228
CAMB called 500 times; 0 errors
CAMB called 600 times; 0 errors
CAMB called 700 times; 0 errors
CAMB called 800 times; 0 errors
CAMB called 900 times; 0 errors
CAMB called 1000 times; 0 errors
 Current convergence R-1 =   1.8134411E-02  chain steps =        1647
 slow changes        1016  power changes         486
CAMB called 1100 times; 0 errors
CAMB called 1200 times; 0 errors
CAMB called 1300 times; 0 errors
CAMB called 1400 times; 0 errors
CAMB called 1500 times; 0 errors
CAMB called 1600 times; 0 errors
 Current convergence R-1 =   2.1641050E-02  chain steps =        2630
 slow changes        1613  power changes         772
CAMB called 1700 times; 0 errors
CAMB called 1800 times; 0 errors
CAMB called 1900 times; 0 errors
CAMB called 2000 times; 0 errors
CAMB called 2100 times; 0 errors
 Current convergence R-1 =   2.2254579E-02  chain steps =        3548
 slow changes        2188  power changes        1040
CAMB called 2200 times; 0 errors
CAMB called 2300 times; 0 errors
CAMB called 2400 times; 0 errors
CAMB called 2500 times; 0 errors
CAMB called 2600 times; 0 errors
CAMB called 2700 times; 0 errors
CAMB called 2800 times; 0 errors
 Current convergence R-1 =   2.0266183E-02  chain steps =        4601
 slow changes        2836  power changes        1350
CAMB called 2900 times; 0 errors
CAMB called 3000 times; 0 errors
CAMB called 3100 times; 0 errors
CAMB called 3200 times; 0 errors
CAMB called 3300 times; 0 errors
 Current convergence R-1 =   2.0957461E-02  chain steps =        5450
 slow changes        3357  power changes        1594
CAMB called 3400 times; 0 errors
CAMB called 3500 times; 0 errors
CAMB called 3600 times; 0 errors
CAMB called 3700 times; 0 errors
CAMB called 3800 times; 0 errors
CAMB called 3900 times; 0 errors
 Current convergence R-1 =   2.1114521E-02  chain steps =        6429
 slow changes        3961  power changes        1878
CAMB called 4000 times; 0 errors
CAMB called 4100 times; 0 errors
CAMB called 4200 times; 0 errors
CAMB called 4300 times; 0 errors
CAMB called 4400 times; 0 errors
CAMB called 4500 times; 0 errors
 Current convergence R-1 =   1.7876036E-02  chain steps =        7402
 slow changes        4561  power changes        2165
CAMB called 4600 times; 0 errors
CAMB called 4700 times; 0 errors
CAMB called 4800 times; 0 errors
CAMB called 4900 times; 0 errors
CAMB called 5000 times; 0 errors
 Current convergence R-1 =   1.4916323E-02  chain steps =        8285
 slow changes        5095  power changes        2406
CAMB called 5100 times; 0 errors
CAMB called 5200 times; 0 errors
CAMB called 5300 times; 0 errors
CAMB called 5400 times; 0 errors
CAMB called 5500 times; 0 errors
 Current convergence R-1 =   1.3618652E-02  chain steps =        9085
 slow changes        5577  power changes        2645
CAMB called 5600 times; 0 errors
CAMB called 5700 times; 0 errors
CAMB called 5800 times; 0 errors
CAMB called 5900 times; 0 errors
CAMB called 6000 times; 0 errors
CAMB called 6100 times; 0 errors
 Current convergence R-1 =   1.5400284E-02  chain steps =       10081
 slow changes        6190  power changes        2933
CAMB called 6200 times; 0 errors
CAMB called 6300 times; 0 errors
CAMB called 6400 times; 0 errors
CAMB called 6500 times; 0 errors
CAMB called 6600 times; 0 errors
CAMB called 6700 times; 0 errors
CAMB called 6800 times; 0 errors
CAMB called 6900 times; 0 errors
 Current convergence R-1 =   1.4438435E-02  chain steps =       11323
 slow changes        6960  power changes        3306
CAMB called 7000 times; 0 errors
CAMB called 7100 times; 0 errors
CAMB called 7200 times; 0 errors
CAMB called 7300 times; 0 errors
CAMB called 7400 times; 0 errors
CAMB called 7500 times; 0 errors
 Current convergence R-1 =   1.0123885E-02  chain steps =       12293
 slow changes        7558  power changes        3600
CAMB called 7600 times; 0 errors
CAMB called 7700 times; 0 errors
CAMB called 7800 times; 0 errors
CAMB called 7900 times; 0 errors
CAMB called 8000 times; 0 errors
 Current convergence R-1 =   8.1190849E-03  chain steps =       13016
 slow changes        8009  power changes        3807
CAMB called 8100 times; 0 errors
CAMB called 8200 times; 0 errors
CAMB called 8300 times; 0 errors
CAMB called 8400 times; 0 errors
CAMB called 8500 times; 0 errors
CAMB called 8600 times; 0 errors
 Current convergence R-1 =   6.4971396E-03  chain steps =       14050
 slow changes        8626  power changes        4106
Current limit err = 0.1248 for ns; samps = 23095                                                                                
