CAMB called 100 times; 0 errors
CAMB called 200 times; 0 errors
CAMB called 300 times; 0 errors
CAMB called 400 times; 0 errors
CAMB called 500 times; 0 errors
CAMB called 600 times; 0 errors
CAMB called 700 times; 0 errors
CAMB called 800 times; 0 errors
 Current convergence R-1 =    4.185414      chain steps =        1411
 slow changes         884  power changes         419
CAMB called 900 times; 0 errors
CAMB called 1000 times; 0 errors
CAMB called 1100 times; 0 errors
CAMB called 1200 times; 0 errors
CAMB called 1300 times; 0 errors
CAMB called 1400 times; 0 errors
 Current convergence R-1 =   0.1567327      chain steps =        2395
 slow changes        1489  power changes         712
CAMB called 1500 times; 0 errors
CAMB called 1600 times; 0 errors
CAMB called 1700 times; 0 errors
CAMB called 1800 times; 0 errors
CAMB called 1900 times; 0 errors
CAMB called 2000 times; 0 errors
 Current convergence R-1 =   5.1034108E-02  chain steps =        3261
 slow changes        2026  power changes         970
CAMB called 2100 times; 0 errors
CAMB called 2200 times; 0 errors
CAMB called 2300 times; 0 errors
CAMB called 2400 times; 0 errors
CAMB called 2500 times; 0 errors
 Current convergence R-1 =   5.9339415E-02  chain steps =        4188
 slow changes        2584  power changes        1237
CAMB called 2600 times; 0 errors
CAMB called 2700 times; 0 errors
CAMB called 2800 times; 0 errors
CAMB called 2900 times; 0 errors
CAMB called 3000 times; 0 errors
CAMB called 3100 times; 0 errors
 Current convergence R-1 =   4.0315699E-02  chain steps =        5112
 slow changes        3161  power changes        1516
CAMB called 3200 times; 0 errors
CAMB called 3300 times; 0 errors
CAMB called 3400 times; 0 errors
CAMB called 3500 times; 0 errors
CAMB called 3600 times; 0 errors
CAMB called 3700 times; 0 errors
 Current convergence R-1 =   2.6775617E-02  chain steps =        6019
 slow changes        3720  power changes        1789
CAMB called 3800 times; 0 errors
CAMB called 3900 times; 0 errors
CAMB called 4000 times; 0 errors
CAMB called 4100 times; 0 errors
CAMB called 4200 times; 0 errors
CAMB called 4300 times; 0 errors
 Current convergence R-1 =   2.3050549E-02  chain steps =        6953
 slow changes        4300  power changes        2067
CAMB called 4400 times; 0 errors
Re-starting from checkpoint
Re-starting from checkpoint
CAMB called 100 times; 0 errors
CAMB called 200 times; 0 errors
CAMB called 300 times; 0 errors
CAMB called 400 times; 0 errors
 Current convergence R-1 =   2.3356693E-02  chain steps =         673
 slow changes         420  power changes         196
CAMB called 500 times; 0 errors
CAMB called 600 times; 0 errors
CAMB called 700 times; 0 errors
Re-starting from checkpoint
Re-starting from checkpoint
CAMB called 100 times; 0 errors
CAMB called 200 times; 0 errors
CAMB called 300 times; 0 errors
 Current convergence R-1 =   1.6292566E-02  chain steps =         473
 slow changes         305  power changes         142
CAMB called 400 times; 0 errors
CAMB called 500 times; 0 errors
CAMB called 600 times; 0 errors
CAMB called 700 times; 0 errors
CAMB called 800 times; 0 errors
 Current convergence R-1 =   1.9453319E-02  chain steps =        1401
 slow changes         871  power changes         420
Re-starting from checkpoint
Re-starting from checkpoint
Re-starting from checkpoint
CAMB called 100 times; 0 errors
CAMB called 200 times; 0 errors
CAMB called 300 times; 0 errors
CAMB called 400 times; 0 errors
CAMB called 500 times; 0 errors
 Current convergence R-1 =   1.7065240E-02  chain steps =         927
 slow changes         566  power changes         270
CAMB called 600 times; 0 errors
CAMB called 700 times; 0 errors
CAMB called 800 times; 0 errors
CAMB called 900 times; 0 errors
CAMB called 1000 times; 0 errors
CAMB called 1100 times; 0 errors
 Current convergence R-1 =   1.8134411E-02  chain steps =        1828
 slow changes        1127  power changes         544
CAMB called 1200 times; 0 errors
CAMB called 1300 times; 0 errors
CAMB called 1400 times; 0 errors
CAMB called 1500 times; 0 errors
CAMB called 1600 times; 0 errors
CAMB called 1700 times; 0 errors
 Current convergence R-1 =   2.1641050E-02  chain steps =        2768
 slow changes        1709  power changes         824
CAMB called 1800 times; 0 errors
CAMB called 1900 times; 0 errors
CAMB called 2000 times; 0 errors
CAMB called 2100 times; 0 errors
CAMB called 2200 times; 0 errors
 Current convergence R-1 =   2.2254579E-02  chain steps =        3686
 slow changes        2281  power changes        1097
CAMB called 2300 times; 0 errors
CAMB called 2400 times; 0 errors
CAMB called 2500 times; 0 errors
CAMB called 2600 times; 0 errors
CAMB called 2700 times; 0 errors
CAMB called 2800 times; 0 errors
 Current convergence R-1 =   2.0266183E-02  chain steps =        4607
 slow changes        2850  power changes        1370
CAMB called 2900 times; 0 errors
CAMB called 3000 times; 0 errors
CAMB called 3100 times; 0 errors
CAMB called 3200 times; 0 errors
CAMB called 3300 times; 0 errors
CAMB called 3400 times; 0 errors
 Current convergence R-1 =   2.0957461E-02  chain steps =        5543
 slow changes        3418  power changes        1636
CAMB called 3500 times; 0 errors
CAMB called 3600 times; 0 errors
CAMB called 3700 times; 0 errors
CAMB called 3800 times; 0 errors
CAMB called 3900 times; 0 errors
 Current convergence R-1 =   2.1114521E-02  chain steps =        6424
 slow changes        3967  power changes        1896
CAMB called 4000 times; 0 errors
CAMB called 4100 times; 0 errors
CAMB called 4200 times; 0 errors
CAMB called 4300 times; 0 errors
CAMB called 4400 times; 0 errors
CAMB called 4500 times; 0 errors
 Current convergence R-1 =   1.7876036E-02  chain steps =        7355
 slow changes        4537  power changes        2166
CAMB called 4600 times; 0 errors
CAMB called 4700 times; 0 errors
CAMB called 4800 times; 0 errors
CAMB called 4900 times; 0 errors
CAMB called 5000 times; 0 errors
CAMB called 5100 times; 0 errors
 Current convergence R-1 =   1.4916323E-02  chain steps =        8332
 slow changes        5131  power changes        2451
CAMB called 5200 times; 0 errors
CAMB called 5300 times; 0 errors
CAMB called 5400 times; 0 errors
CAMB called 5500 times; 0 errors
CAMB called 5600 times; 0 errors
 Current convergence R-1 =   1.3618652E-02  chain steps =        9189
 slow changes        5653  power changes        2697
CAMB called 5700 times; 0 errors
CAMB called 5800 times; 0 errors
CAMB called 5900 times; 0 errors
CAMB called 6000 times; 0 errors
CAMB called 6100 times; 0 errors
CAMB called 6200 times; 0 errors
 Current convergence R-1 =   1.5400284E-02  chain steps =       10121
 slow changes        6232  power changes        2970
CAMB called 6300 times; 0 errors
CAMB called 6400 times; 0 errors
CAMB called 6500 times; 0 errors
CAMB called 6600 times; 0 errors
CAMB called 6700 times; 0 errors
 Current convergence R-1 =   1.4438435E-02  chain steps =       11030
 slow changes        6785  power changes        3237
CAMB called 6800 times; 0 errors
CAMB called 6900 times; 0 errors
CAMB called 7000 times; 0 errors
CAMB called 7100 times; 0 errors
CAMB called 7200 times; 0 errors
CAMB called 7300 times; 0 errors
 Current convergence R-1 =   1.0123885E-02  chain steps =       11997
 slow changes        7382  power changes        3520
CAMB called 7400 times; 0 errors
CAMB called 7500 times; 0 errors
CAMB called 7600 times; 0 errors
CAMB called 7700 times; 0 errors
CAMB called 7800 times; 0 errors
CAMB called 7900 times; 0 errors
 Current convergence R-1 =   8.1190849E-03  chain steps =       12878
 slow changes        7926  power changes        3779
CAMB called 8000 times; 0 errors
CAMB called 8100 times; 0 errors
CAMB called 8200 times; 0 errors
CAMB called 8300 times; 0 errors
CAMB called 8400 times; 0 errors
 Current convergence R-1 =   6.4971396E-03  chain steps =       13810
 slow changes        8493  power changes        4046
Current limit err = 0.1248 for ns; samps = 23031                                                                                
